# JRE version: OpenJDK Runtime Environment (11.0.10+9) (build 11.0.10+9)
# Java VM: OpenJDK 64-Bit Server VM (11.0.10+9, mixed mode, tiered, compressed oops, g1 gc, linux-amd64)
Heap:
 garbage-first heap   total 256000K, used 134826K [0x0000000707600000, 0x0000000800000000)
  region size 1024K, 122 young (124928K), 7 survivors (7168K)
 Metaspace       used 24958K, capacity 25635K, committed 26112K, reserved 1073152K
  class space    used 2539K, capacity 2726K, committed 2816K, reserved 1048576K
GC Heap History (6 events):
Event: 0.715 GC heap before
{Heap before GC invocations=0 (full 0):
 garbage-first heap   total 256000K, used 24576K [0x0000000707600000, 0x0000000800000000)
  region size 1024K, 24 young (24576K), 0 survivors (0K)
 Metaspace       used 12810K, capacity 13016K, committed 13184K, reserved 1060864K
  class space    used 1308K, capacity 1381K, committed 1408K, reserved 1048576K
}
Event: 0.754 GC heap after
{Heap after GC invocations=1 (full 0):
 garbage-first heap   total 256000K, used 3511K [0x0000000707600000, 0x0000000800000000)
  region size 1024K, 3 young (3072K), 3 survivors (3072K)
 Metaspace       used 12810K, capacity 13016K, committed 13184K, reserved 1060864K
  class space    used 1308K, capacity 1381K, committed 1408K, reserved 1048576K
}
Event: 2.641 GC heap before
{Heap before GC invocations=1 (full 0):
 garbage-first heap   total 256000K, used 99767K [0x0000000707600000, 0x0000000800000000)
  region size 1024K, 98 young (100352K), 3 survivors (3072K)
 Metaspace       used 20639K, capacity 20955K, committed 21248K, reserved 1069056K
  class space    used 2170K, capacity 2278K, committed 2304K, reserved 1048576K
}
Event: 2.710 GC heap after
{Heap after GC invocations=2 (full 0):
 garbage-first heap   total 256000K, used 11768K [0x0000000707600000, 0x0000000800000000)
  region size 1024K, 12 young (12288K), 12 survivors (12288K)
 Metaspace       used 20639K, capacity 20955K, committed 21248K, reserved 1069056K
  class space    used 2170K, capacity 2278K, committed 2304K, reserved 1048576K
}
Event: 3.898 GC heap before
{Heap before GC invocations=3 (full 0):
 garbage-first heap   total 256000K, used 111096K [0x0000000707600000, 0x0000000800000000)
  region size 1024K, 109 young (111616K), 12 survivors (12288K)
 Metaspace       used 22966K, capacity 23394K, committed 23808K, reserved 1071104K
  class space    used 2335K, capacity 2493K, committed 2560K, reserved 1048576K
}
Event: 3.927 GC heap after
{Heap after GC invocations=4 (full 0):
 garbage-first heap   total 256000K, used 18090K [0x0000000707600000, 0x0000000800000000)
  region size 1024K, 7 young (7168K), 7 survivors (7168K)
 Metaspace       used 22966K, capacity 23394K, committed 23808K, reserved 1071104K
  class space    used 2335K, capacity 2493K, committed 2560K, reserved 1048576K
}

