# JRE version: OpenJDK Runtime Environment (11.0.10+9) (build 11.0.10+9)
# Java VM: OpenJDK 64-Bit Server VM (11.0.10+9, mixed mode, tiered, compressed oops, g1 gc, linux-amd64)
Heap:
 garbage-first heap   total 397312K, used 38265K [0x0000000707600000, 0x0000000800000000)
  region size 1024K, 31 young (31744K), 10 survivors (10240K)
 Metaspace       used 35818K, capacity 36947K, committed 37248K, reserved 1081344K
  class space    used 4488K, capacity 4943K, committed 4992K, reserved 1048576K
GC Heap History (12 events):
Event: 0.775 GC heap before
{Heap before GC invocations=0 (full 0):
 garbage-first heap   total 256000K, used 23552K [0x0000000707600000, 0x0000000800000000)
  region size 1024K, 24 young (24576K), 0 survivors (0K)
 Metaspace       used 11709K, capacity 11964K, committed 12160K, reserved 1060864K
  class space    used 1197K, capacity 1307K, committed 1408K, reserved 1048576K
}
Event: 0.782 GC heap after
{Heap after GC invocations=1 (full 0):
 garbage-first heap   total 256000K, used 7631K [0x0000000707600000, 0x0000000800000000)
  region size 1024K, 3 young (3072K), 3 survivors (3072K)
 Metaspace       used 11709K, capacity 11964K, committed 12160K, reserved 1060864K
  class space    used 1197K, capacity 1307K, committed 1408K, reserved 1048576K
}
Event: 0.971 GC heap before
{Heap before GC invocations=1 (full 0):
 garbage-first heap   total 256000K, used 27087K [0x0000000707600000, 0x0000000800000000)
  region size 1024K, 22 young (22528K), 3 survivors (3072K)
 Metaspace       used 14300K, capacity 14705K, committed 14976K, reserved 1062912K
  class space    used 1478K, capacity 1625K, committed 1664K, reserved 1048576K
}
Event: 0.986 GC heap after
{Heap after GC invocations=2 (full 0):
 garbage-first heap   total 256000K, used 8848K [0x0000000707600000, 0x0000000800000000)
  region size 1024K, 2 young (2048K), 2 survivors (2048K)
 Metaspace       used 14300K, capacity 14705K, committed 14976K, reserved 1062912K
  class space    used 1478K, capacity 1625K, committed 1664K, reserved 1048576K
}
Event: 1.403 GC heap before
{Heap before GC invocations=2 (full 0):
 garbage-first heap   total 256000K, used 52880K [0x0000000707600000, 0x0000000800000000)
  region size 1024K, 46 young (47104K), 2 survivors (2048K)
 Metaspace       used 17648K, capacity 18124K, committed 18304K, reserved 1064960K
  class space    used 1906K, capacity 2070K, committed 2176K, reserved 1048576K
}
Event: 1.408 GC heap after
{Heap after GC invocations=3 (full 0):
 garbage-first heap   total 256000K, used 9985K [0x0000000707600000, 0x0000000800000000)
  region size 1024K, 3 young (3072K), 3 survivors (3072K)
 Metaspace       used 17648K, capacity 18124K, committed 18304K, reserved 1064960K
  class space    used 1906K, capacity 2070K, committed 2176K, reserved 1048576K
}
Event: 1.781 GC heap before
{Heap before GC invocations=3 (full 0):
 garbage-first heap   total 256000K, used 40705K [0x0000000707600000, 0x0000000800000000)
  region size 1024K, 34 young (34816K), 3 survivors (3072K)
 Metaspace       used 20534K, capacity 21067K, committed 21248K, reserved 1069056K
  class space    used 2308K, capacity 2501K, committed 2560K, reserved 1048576K
}
Event: 1.833 GC heap after
{Heap after GC invocations=4 (full 0):
 garbage-first heap   total 256000K, used 10494K [0x0000000707600000, 0x0000000800000000)
  region size 1024K, 3 young (3072K), 3 survivors (3072K)
 Metaspace       used 20534K, capacity 21067K, committed 21248K, reserved 1069056K
  class space    used 2308K, capacity 2501K, committed 2560K, reserved 1048576K
}
Event: 3.082 GC heap before
{Heap before GC invocations=5 (full 0):
 garbage-first heap   total 256000K, used 161022K [0x0000000707600000, 0x0000000800000000)
  region size 1024K, 150 young (153600K), 3 survivors (3072K)
 Metaspace       used 31357K, capacity 32398K, committed 32640K, reserved 1077248K
  class space    used 3797K, capacity 4221K, committed 4224K, reserved 1048576K
}
Event: 3.090 GC heap after
{Heap after GC invocations=6 (full 0):
 garbage-first heap   total 397312K, used 15313K [0x0000000707600000, 0x0000000800000000)
  region size 1024K, 8 young (8192K), 8 survivors (8192K)
 Metaspace       used 31357K, capacity 32398K, committed 32640K, reserved 1077248K
  class space    used 3797K, capacity 4221K, committed 4224K, reserved 1048576K
}
Event: 4.057 GC heap before
{Heap before GC invocations=6 (full 0):
 garbage-first heap   total 397312K, used 102353K [0x0000000707600000, 0x0000000800000000)
  region size 1024K, 94 young (96256K), 8 survivors (8192K)
 Metaspace       used 34511K, capacity 35571K, committed 35840K, reserved 1081344K
  class space    used 4310K, capacity 4757K, committed 4864K, reserved 1048576K
}
Event: 4.098 GC heap after
{Heap after GC invocations=7 (full 0):
 garbage-first heap   total 397312K, used 17785K [0x0000000707600000, 0x0000000800000000)
  region size 1024K, 10 young (10240K), 10 survivors (10240K)
 Metaspace       used 34511K, capacity 35571K, committed 35840K, reserved 1081344K
  class space    used 4310K, capacity 4757K, committed 4864K, reserved 1048576K
}

