# JRE version: OpenJDK Runtime Environment (11.0.10+9) (build 11.0.10+9)
# Java VM: OpenJDK 64-Bit Server VM (11.0.10+9, mixed mode, tiered, compressed oops, g1 gc, linux-amd64)
Heap:
 garbage-first heap   total 256000K, used 75738K [0x0000000707600000, 0x0000000800000000)
  region size 1024K, 64 young (65536K), 7 survivors (7168K)
 Metaspace       used 24853K, capacity 25481K, committed 25856K, reserved 1073152K
  class space    used 2534K, capacity 2718K, committed 2816K, reserved 1048576K
GC Heap History (6 events):
Event: 1.794 GC heap before
{Heap before GC invocations=0 (full 0):
 garbage-first heap   total 256000K, used 24576K [0x0000000707600000, 0x0000000800000000)
  region size 1024K, 24 young (24576K), 0 survivors (0K)
 Metaspace       used 12864K, capacity 13144K, committed 13440K, reserved 1060864K
  class space    used 1303K, capacity 1381K, committed 1408K, reserved 1048576K
}
Event: 1.857 GC heap after
{Heap after GC invocations=1 (full 0):
 garbage-first heap   total 256000K, used 3495K [0x0000000707600000, 0x0000000800000000)
  region size 1024K, 3 young (3072K), 3 survivors (3072K)
 Metaspace       used 12864K, capacity 13144K, committed 13440K, reserved 1060864K
  class space    used 1303K, capacity 1381K, committed 1408K, reserved 1048576K
}
Event: 7.751 GC heap before
{Heap before GC invocations=1 (full 0):
 garbage-first heap   total 256000K, used 100775K [0x0000000707600000, 0x0000000800000000)
  region size 1024K, 99 young (101376K), 3 survivors (3072K)
 Metaspace       used 20906K, capacity 21214K, committed 21248K, reserved 1069056K
  class space    used 2175K, capacity 2278K, committed 2304K, reserved 1048576K
}
Event: 7.854 GC heap after
{Heap after GC invocations=2 (full 0):
 garbage-first heap   total 256000K, used 11820K [0x0000000707600000, 0x0000000800000000)
  region size 1024K, 12 young (12288K), 12 survivors (12288K)
 Metaspace       used 20906K, capacity 21214K, committed 21248K, reserved 1069056K
  class space    used 2175K, capacity 2278K, committed 2304K, reserved 1048576K
}
Event: 11.364 GC heap before
{Heap before GC invocations=3 (full 0):
 garbage-first heap   total 256000K, used 109100K [0x0000000707600000, 0x0000000800000000)
  region size 1024K, 107 young (109568K), 12 survivors (12288K)
 Metaspace       used 23130K, capacity 23586K, committed 23808K, reserved 1071104K
  class space    used 2336K, capacity 2493K, committed 2560K, reserved 1048576K
}
Event: 11.397 GC heap after
{Heap after GC invocations=4 (full 0):
 garbage-first heap   total 256000K, used 18394K [0x0000000707600000, 0x0000000800000000)
  region size 1024K, 7 young (7168K), 7 survivors (7168K)
 Metaspace       used 23130K, capacity 23586K, committed 23808K, reserved 1071104K
  class space    used 2336K, capacity 2493K, committed 2560K, reserved 1048576K
}

