# JRE version: OpenJDK Runtime Environment (11.0.10+9) (build 11.0.10+9)
# Java VM: OpenJDK 64-Bit Server VM (11.0.10+9, mixed mode, tiered, compressed oops, g1 gc, linux-amd64)
Heap:
 garbage-first heap   total 331776K, used 90553K [0x0000000707600000, 0x0000000800000000)
  region size 1024K, 64 young (65536K), 8 survivors (8192K)
 Metaspace       used 31275K, capacity 31935K, committed 32256K, reserved 1077248K
  class space    used 3319K, capacity 3552K, committed 3584K, reserved 1048576K
GC Heap History (10 events):
Event: 0.890 GC heap before
{Heap before GC invocations=0 (full 0):
 garbage-first heap   total 256000K, used 23552K [0x0000000707600000, 0x0000000800000000)
  region size 1024K, 24 young (24576K), 0 survivors (0K)
 Metaspace       used 12831K, capacity 13080K, committed 13440K, reserved 1060864K
  class space    used 1308K, capacity 1381K, committed 1408K, reserved 1048576K
}
Event: 0.923 GC heap after
{Heap after GC invocations=1 (full 0):
 garbage-first heap   total 256000K, used 3578K [0x0000000707600000, 0x0000000800000000)
  region size 1024K, 3 young (3072K), 3 survivors (3072K)
 Metaspace       used 12831K, capacity 13080K, committed 13440K, reserved 1060864K
  class space    used 1308K, capacity 1381K, committed 1408K, reserved 1048576K
}
Event: 2.914 GC heap before
{Heap before GC invocations=1 (full 0):
 garbage-first heap   total 256000K, used 98810K [0x0000000707600000, 0x0000000800000000)
  region size 1024K, 97 young (99328K), 3 survivors (3072K)
 Metaspace       used 20610K, capacity 20958K, committed 21248K, reserved 1069056K
  class space    used 2168K, capacity 2278K, committed 2304K, reserved 1048576K
}
Event: 2.946 GC heap after
{Heap after GC invocations=2 (full 0):
 garbage-first heap   total 256000K, used 11832K [0x0000000707600000, 0x0000000800000000)
  region size 1024K, 12 young (12288K), 12 survivors (12288K)
 Metaspace       used 20610K, capacity 20958K, committed 21248K, reserved 1069056K
  class space    used 2168K, capacity 2278K, committed 2304K, reserved 1048576K
}
Event: 4.153 GC heap before
{Heap before GC invocations=3 (full 0):
 garbage-first heap   total 256000K, used 110136K [0x0000000707600000, 0x0000000800000000)
  region size 1024K, 108 young (110592K), 12 survivors (12288K)
 Metaspace       used 22876K, capacity 23330K, committed 23808K, reserved 1071104K
  class space    used 2335K, capacity 2493K, committed 2560K, reserved 1048576K
}
Event: 4.169 GC heap after
{Heap after GC invocations=4 (full 0):
 garbage-first heap   total 256000K, used 17659K [0x0000000707600000, 0x0000000800000000)
  region size 1024K, 6 young (6144K), 6 survivors (6144K)
 Metaspace       used 22876K, capacity 23330K, committed 23808K, reserved 1071104K
  class space    used 2335K, capacity 2493K, committed 2560K, reserved 1048576K
}
Event: 5.616 GC heap before
{Heap before GC invocations=4 (full 0):
 garbage-first heap   total 256000K, used 165115K [0x0000000707600000, 0x0000000800000000)
  region size 1024K, 150 young (153600K), 6 survivors (6144K)
 Metaspace       used 24925K, capacity 25571K, committed 26112K, reserved 1073152K
  class space    used 2539K, capacity 2726K, committed 2816K, reserved 1048576K
}
Event: 5.630 GC heap after
{Heap after GC invocations=5 (full 0):
 garbage-first heap   total 256000K, used 28517K [0x0000000707600000, 0x0000000800000000)
  region size 1024K, 17 young (17408K), 17 survivors (17408K)
 Metaspace       used 24925K, capacity 25571K, committed 26112K, reserved 1073152K
  class space    used 2539K, capacity 2726K, committed 2816K, reserved 1048576K
}
Event: 6.795 GC heap before
{Heap before GC invocations=5 (full 0):
 garbage-first heap   total 256000K, used 164709K [0x0000000707600000, 0x0000000800000000)
  region size 1024K, 150 young (153600K), 17 survivors (17408K)
 Metaspace       used 25159K, capacity 25732K, committed 26112K, reserved 1073152K
  class space    used 2543K, capacity 2734K, committed 2816K, reserved 1048576K
}
Event: 6.816 GC heap after
{Heap after GC invocations=6 (full 0):
 garbage-first heap   total 331776K, used 35257K [0x0000000707600000, 0x0000000800000000)
  region size 1024K, 8 young (8192K), 8 survivors (8192K)
 Metaspace       used 25159K, capacity 25732K, committed 26112K, reserved 1073152K
  class space    used 2543K, capacity 2734K, committed 2816K, reserved 1048576K
}

